-------------------------------------------------------------------------------
Test set: kamispetclinic.KamisPetClinicApplicationTests
-------------------------------------------------------------------------------
Tests run: 1, Failures: 0, Errors: 1, Skipped: 0, Time elapsed: 0.174 s <<< FAILURE! - in kamispetclinic.KamisPetClinicApplicationTests
kamispetclinic.KamisPetClinicApplicationTests  Time elapsed: 0.173 s  <<< ERROR!
java.lang.IllegalStateException: Unable to find a @SpringBootConfiguration, you need to use @ContextConfiguration or @SpringBootTest(classes=...) with your test

